2020-05-01 00:01:10,420 INFO com.org.SpringSecurityExample.SpringSecurityExampleApplicationTests [main] Starting SpringSecurityExampleApplicationTests on DESKTOP-46CS5FG with PID 4452 (started by DELL in F:\Study\Setup\Eclipse_workspace\SpringSecurityExample)
2020-05-01 00:01:10,426 INFO com.org.SpringSecurityExample.SpringSecurityExampleApplicationTests [main] No active profile set, falling back to default profiles: default
2020-05-01 00:01:12,709 INFO org.springframework.data.repository.config.RepositoryConfigurationDelegate [main] Bootstrapping Spring Data JPA repositories in DEFAULT mode.
2020-05-01 00:01:12,990 INFO org.springframework.data.repository.config.RepositoryConfigurationDelegate [main] Finished Spring Data repository scanning in 265ms. Found 1 JPA repository interfaces.
2020-05-01 00:01:14,222 INFO org.hibernate.jpa.internal.util.LogHelper [main] HHH000204: Processing PersistenceUnitInfo [name: default]
2020-05-01 00:01:14,398 INFO org.hibernate.Version [main] HHH000412: Hibernate ORM core version 5.4.12.Final
2020-05-01 00:01:14,635 INFO org.hibernate.annotations.common.Version [main] HCANN000001: Hibernate Commons Annotations {5.1.0.Final}
2020-05-01 00:01:14,819 INFO com.zaxxer.hikari.HikariDataSource [main] HikariPool-1 - Starting...
2020-05-01 00:01:15,051 INFO com.zaxxer.hikari.pool.PoolBase [main] HikariPool-1 - Driver does not support get/set network timeout for connections. (com.mysql.jdbc.Connection.getNetworkTimeout()I)
2020-05-01 00:01:15,147 INFO com.zaxxer.hikari.HikariDataSource [main] HikariPool-1 - Start completed.
2020-05-01 00:01:15,182 INFO org.hibernate.dialect.Dialect [main] HHH000400: Using dialect: org.hibernate.dialect.MySQL5Dialect
2020-05-01 00:01:16,902 INFO org.hibernate.engine.transaction.jta.platform.internal.JtaPlatformInitiator [main] HHH000490: Using JtaPlatform implementation: [org.hibernate.engine.transaction.jta.platform.internal.NoJtaPlatform]
2020-05-01 00:01:16,917 INFO org.springframework.orm.jpa.LocalContainerEntityManagerFactoryBean [main] Initialized JPA EntityManagerFactory for persistence unit 'default'
2020-05-01 00:01:17,527 WARN org.springframework.boot.autoconfigure.orm.jpa.JpaBaseConfiguration$JpaWebConfiguration [main] spring.jpa.open-in-view is enabled by default. Therefore, database queries may be performed during view rendering. Explicitly configure spring.jpa.open-in-view to disable this warning
2020-05-01 00:01:18,623 INFO org.springframework.scheduling.concurrent.ThreadPoolTaskExecutor [main] Initializing ExecutorService 'applicationTaskExecutor'
2020-05-01 00:01:20,099 INFO org.springframework.security.web.DefaultSecurityFilterChain [main] Creating filter chain: any request, [org.springframework.security.web.context.request.async.WebAsyncManagerIntegrationFilter@356fa0d1, org.springframework.security.web.context.SecurityContextPersistenceFilter@77eb607e, org.springframework.security.web.header.HeaderWriterFilter@846b47, org.springframework.security.web.authentication.logout.LogoutFilter@65ef9a0a, org.springframework.security.web.authentication.www.BasicAuthenticationFilter@114b203, org.springframework.security.web.savedrequest.RequestCacheAwareFilter@10d4b573, org.springframework.security.web.servletapi.SecurityContextHolderAwareRequestFilter@164dea80, org.springframework.security.web.authentication.AnonymousAuthenticationFilter@51508029, org.springframework.security.web.session.SessionManagementFilter@3e6acec2, org.springframework.security.web.access.ExceptionTranslationFilter@70f98f7a, org.springframework.security.web.access.intercept.FilterSecurityInterceptor@2a075e70]
2020-05-01 00:01:20,430 INFO org.springframework.boot.actuate.endpoint.web.EndpointLinksResolver [main] Exposing 2 endpoint(s) beneath base path '/actuator'
2020-05-01 00:01:20,588 INFO com.org.SpringSecurityExample.SpringSecurityExampleApplicationTests [main] Started SpringSecurityExampleApplicationTests in 10.802 seconds (JVM running for 12.462)
2020-05-01 00:01:20,867 INFO org.springframework.scheduling.concurrent.ThreadPoolTaskExecutor [SpringContextShutdownHook] Shutting down ExecutorService 'applicationTaskExecutor'
2020-05-01 00:01:20,872 INFO org.springframework.orm.jpa.LocalContainerEntityManagerFactoryBean [SpringContextShutdownHook] Closing JPA EntityManagerFactory for persistence unit 'default'
2020-05-01 00:01:20,875 INFO com.zaxxer.hikari.HikariDataSource [SpringContextShutdownHook] HikariPool-1 - Shutdown initiated...
2020-05-01 00:01:20,889 INFO com.zaxxer.hikari.HikariDataSource [SpringContextShutdownHook] HikariPool-1 - Shutdown completed.
2020-05-01 00:02:10,470 INFO com.org.SpringSecurityExample.SpringSecurityExampleApplication [restartedMain] Starting SpringSecurityExampleApplication on DESKTOP-46CS5FG with PID 1168 (F:\Study\Setup\Eclipse_workspace\SpringSecurityExample\target\classes started by DELL in F:\Study\Setup\Eclipse_workspace\SpringSecurityExample)
2020-05-01 00:02:10,475 INFO com.org.SpringSecurityExample.SpringSecurityExampleApplication [restartedMain] No active profile set, falling back to default profiles: default
2020-05-01 00:02:10,565 INFO org.springframework.boot.devtools.restart.ChangeableUrls [restartedMain] The Class-Path manifest attribute in C:\Users\DELL\.m2\repository\org\glassfish\jaxb\jaxb-runtime\2.3.2\jaxb-runtime-2.3.2.jar referenced one or more files that do not exist: file:/C:/Users/DELL/.m2/repository/org/glassfish/jaxb/jaxb-runtime/2.3.2/jakarta.xml.bind-api-2.3.2.jar,file:/C:/Users/DELL/.m2/repository/org/glassfish/jaxb/jaxb-runtime/2.3.2/txw2-2.3.2.jar,file:/C:/Users/DELL/.m2/repository/org/glassfish/jaxb/jaxb-runtime/2.3.2/istack-commons-runtime-3.0.8.jar,file:/C:/Users/DELL/.m2/repository/org/glassfish/jaxb/jaxb-runtime/2.3.2/stax-ex-1.8.1.jar,file:/C:/Users/DELL/.m2/repository/org/glassfish/jaxb/jaxb-runtime/2.3.2/FastInfoset-1.2.16.jar,file:/C:/Users/DELL/.m2/repository/org/glassfish/jaxb/jaxb-runtime/2.3.2/jakarta.activation-api-1.2.1.jar
2020-05-01 00:02:10,566 INFO org.springframework.boot.devtools.env.DevToolsPropertyDefaultsPostProcessor [restartedMain] Devtools property defaults active! Set 'spring.devtools.add-properties' to 'false' to disable
2020-05-01 00:02:10,566 INFO org.springframework.boot.devtools.env.DevToolsPropertyDefaultsPostProcessor [restartedMain] For additional web related logging consider setting the 'logging.level.web' property to 'DEBUG'
2020-05-01 00:02:12,325 INFO org.springframework.data.repository.config.RepositoryConfigurationDelegate [restartedMain] Bootstrapping Spring Data JPA repositories in DEFAULT mode.
2020-05-01 00:02:12,413 INFO org.springframework.data.repository.config.RepositoryConfigurationDelegate [restartedMain] Finished Spring Data repository scanning in 76ms. Found 1 JPA repository interfaces.
2020-05-01 00:02:13,746 INFO org.springframework.boot.web.embedded.tomcat.TomcatWebServer [restartedMain] Tomcat initialized with port(s): 8282 (http)
2020-05-01 00:02:13,772 INFO org.apache.catalina.core.StandardService [restartedMain] Starting service [Tomcat]
2020-05-01 00:02:13,773 INFO org.apache.catalina.core.StandardEngine [restartedMain] Starting Servlet engine: [Apache Tomcat/9.0.33]
2020-05-01 00:02:13,943 INFO org.apache.catalina.core.ContainerBase.[Tomcat].[localhost].[/] [restartedMain] Initializing Spring embedded WebApplicationContext
2020-05-01 00:02:13,944 INFO org.springframework.web.context.ContextLoader [restartedMain] Root WebApplicationContext: initialization completed in 3378 ms
2020-05-01 00:02:14,780 INFO org.hibernate.jpa.internal.util.LogHelper [restartedMain] HHH000204: Processing PersistenceUnitInfo [name: default]
2020-05-01 00:02:14,895 INFO org.hibernate.Version [restartedMain] HHH000412: Hibernate ORM core version 5.4.12.Final
2020-05-01 00:02:15,161 INFO org.hibernate.annotations.common.Version [restartedMain] HCANN000001: Hibernate Commons Annotations {5.1.0.Final}
2020-05-01 00:02:15,339 INFO com.zaxxer.hikari.HikariDataSource [restartedMain] HikariPool-1 - Starting...
2020-05-01 00:02:15,569 INFO com.zaxxer.hikari.pool.PoolBase [restartedMain] HikariPool-1 - Driver does not support get/set network timeout for connections. (com.mysql.jdbc.Connection.getNetworkTimeout()I)
2020-05-01 00:02:15,573 INFO com.zaxxer.hikari.HikariDataSource [restartedMain] HikariPool-1 - Start completed.
2020-05-01 00:02:15,596 INFO org.hibernate.dialect.Dialect [restartedMain] HHH000400: Using dialect: org.hibernate.dialect.MySQL5Dialect
2020-05-01 00:02:17,069 INFO org.hibernate.engine.transaction.jta.platform.internal.JtaPlatformInitiator [restartedMain] HHH000490: Using JtaPlatform implementation: [org.hibernate.engine.transaction.jta.platform.internal.NoJtaPlatform]
2020-05-01 00:02:17,081 INFO org.springframework.orm.jpa.LocalContainerEntityManagerFactoryBean [restartedMain] Initialized JPA EntityManagerFactory for persistence unit 'default'
2020-05-01 00:02:17,104 INFO org.springframework.boot.devtools.autoconfigure.OptionalLiveReloadServer [restartedMain] LiveReload server is running on port 35729
2020-05-01 00:02:17,655 WARN org.springframework.boot.autoconfigure.orm.jpa.JpaBaseConfiguration$JpaWebConfiguration [restartedMain] spring.jpa.open-in-view is enabled by default. Therefore, database queries may be performed during view rendering. Explicitly configure spring.jpa.open-in-view to disable this warning
2020-05-01 00:02:17,912 INFO org.springframework.scheduling.concurrent.ThreadPoolTaskExecutor [restartedMain] Initializing ExecutorService 'applicationTaskExecutor'
2020-05-01 00:02:18,508 INFO org.springframework.security.web.DefaultSecurityFilterChain [restartedMain] Creating filter chain: any request, [org.springframework.security.web.context.request.async.WebAsyncManagerIntegrationFilter@3c252e86, org.springframework.security.web.context.SecurityContextPersistenceFilter@105e37c9, org.springframework.security.web.header.HeaderWriterFilter@4b093802, org.springframework.security.web.authentication.logout.LogoutFilter@309e6c56, org.springframework.security.web.authentication.www.BasicAuthenticationFilter@64cb9a15, org.springframework.security.web.savedrequest.RequestCacheAwareFilter@18443e64, org.springframework.security.web.servletapi.SecurityContextHolderAwareRequestFilter@75de32a1, org.springframework.security.web.authentication.AnonymousAuthenticationFilter@7df4fb74, org.springframework.security.web.session.SessionManagementFilter@394faa0e, org.springframework.security.web.access.ExceptionTranslationFilter@715c814f, org.springframework.security.web.access.intercept.FilterSecurityInterceptor@420b589d]
2020-05-01 00:02:18,581 INFO org.springframework.boot.actuate.endpoint.web.EndpointLinksResolver [restartedMain] Exposing 2 endpoint(s) beneath base path '/actuator'
2020-05-01 00:02:18,712 INFO org.springframework.boot.web.embedded.tomcat.TomcatWebServer [restartedMain] Tomcat started on port(s): 8282 (http) with context path ''
2020-05-01 00:02:18,715 INFO com.org.SpringSecurityExample.SpringSecurityExampleApplication [restartedMain] Started SpringSecurityExampleApplication in 8.905 seconds (JVM running for 9.55)
2020-05-01 00:02:29,612 INFO org.apache.catalina.core.ContainerBase.[Tomcat].[localhost].[/] [http-nio-8282-exec-1] Initializing Spring DispatcherServlet 'dispatcherServlet'
2020-05-01 00:02:29,612 INFO org.springframework.web.servlet.DispatcherServlet [http-nio-8282-exec-1] Initializing Servlet 'dispatcherServlet'
2020-05-01 00:02:29,628 INFO org.springframework.web.servlet.DispatcherServlet [http-nio-8282-exec-1] Completed initialization in 16 ms
